[debug] [2022-05-14T20:25:24.319Z] ----------------------------------------------------------------------
[debug] [2022-05-14T20:25:24.320Z] Command:       C:\Program Files\nodejs\node.exe C:\Users\ASHUTOSH GUPTA\AppData\Roaming\npm\node_modules\firebase-tools\lib\bin\firebase.js deploy --only functions
[debug] [2022-05-14T20:25:24.321Z] CLI Version:   10.9.2
[debug] [2022-05-14T20:25:24.321Z] Platform:      win32
[debug] [2022-05-14T20:25:24.321Z] Node Version:  v16.13.1
[debug] [2022-05-14T20:25:24.322Z] Time:          Sun May 15 2022 01:55:24 GMT+0530 (India Standard Time)
[debug] [2022-05-14T20:25:24.322Z] ----------------------------------------------------------------------
[debug] 
[debug] [2022-05-14T20:25:24.363Z] > command requires scopes: ["email","openid","https://www.googleapis.com/auth/cloudplatformprojects.readonly","https://www.googleapis.com/auth/firebase","https://www.googleapis.com/auth/cloud-platform"]
[debug] [2022-05-14T20:25:24.363Z] > authorizing via signed-in user (rockashu.30.ar@gmail.com)
[debug] [2022-05-14T20:25:24.363Z] [iam] checking project react-chat-app-56a9d for permissions ["cloudfunctions.functions.create","cloudfunctions.functions.delete","cloudfunctions.functions.get","cloudfunctions.functions.list","cloudfunctions.functions.update","cloudfunctions.operations.get","firebase.projects.get"]
[debug] [2022-05-14T20:25:24.365Z] >>> [apiv2][query] POST https://cloudresourcemanager.googleapis.com/v1/projects/react-chat-app-56a9d:testIamPermissions [none]
[debug] [2022-05-14T20:25:24.365Z] >>> [apiv2][body] POST https://cloudresourcemanager.googleapis.com/v1/projects/react-chat-app-56a9d:testIamPermissions {"permissions":["cloudfunctions.functions.create","cloudfunctions.functions.delete","cloudfunctions.functions.get","cloudfunctions.functions.list","cloudfunctions.functions.update","cloudfunctions.operations.get","firebase.projects.get"]}
[debug] [2022-05-14T20:25:25.845Z] <<< [apiv2][status] POST https://cloudresourcemanager.googleapis.com/v1/projects/react-chat-app-56a9d:testIamPermissions 200
[debug] [2022-05-14T20:25:25.846Z] <<< [apiv2][body] POST https://cloudresourcemanager.googleapis.com/v1/projects/react-chat-app-56a9d:testIamPermissions {"permissions":["cloudfunctions.functions.create","cloudfunctions.functions.delete","cloudfunctions.functions.get","cloudfunctions.functions.list","cloudfunctions.functions.update","cloudfunctions.operations.get","firebase.projects.get"]}
[debug] [2022-05-14T20:25:25.846Z] >>> [apiv2][query] POST https://iam.googleapis.com/v1/projects/react-chat-app-56a9d/serviceAccounts/react-chat-app-56a9d@appspot.gserviceaccount.com:testIamPermissions [none]
[debug] [2022-05-14T20:25:25.846Z] >>> [apiv2][body] POST https://iam.googleapis.com/v1/projects/react-chat-app-56a9d/serviceAccounts/react-chat-app-56a9d@appspot.gserviceaccount.com:testIamPermissions {"permissions":["iam.serviceAccounts.actAs"]}
[debug] [2022-05-14T20:25:27.398Z] <<< [apiv2][status] POST https://iam.googleapis.com/v1/projects/react-chat-app-56a9d/serviceAccounts/react-chat-app-56a9d@appspot.gserviceaccount.com:testIamPermissions 200
[debug] [2022-05-14T20:25:27.398Z] <<< [apiv2][body] POST https://iam.googleapis.com/v1/projects/react-chat-app-56a9d/serviceAccounts/react-chat-app-56a9d@appspot.gserviceaccount.com:testIamPermissions {"permissions":["iam.serviceAccounts.actAs"]}
[info] 
[info] === Deploying to 'react-chat-app-56a9d'...
[info] 
[info] i  deploying functions 
[info] Running command: npm --prefix "%RESOURCE_DIR%" run lint
[info] +  functions: Finished running predeploy script. 
[debug] [2022-05-14T20:25:29.932Z] >>> [apiv2][query] GET https://firebase.googleapis.com/v1beta1/projects/react-chat-app-56a9d [none]
[debug] [2022-05-14T20:25:30.879Z] <<< [apiv2][status] GET https://firebase.googleapis.com/v1beta1/projects/react-chat-app-56a9d 200
[debug] [2022-05-14T20:25:30.879Z] <<< [apiv2][body] GET https://firebase.googleapis.com/v1beta1/projects/react-chat-app-56a9d {"projectId":"react-chat-app-56a9d","projectNumber":"823821692820","displayName":"React-Chat-App","name":"projects/react-chat-app-56a9d","resources":{"hostingSite":"react-chat-app-56a9d","storageBucket":"react-chat-app-56a9d.appspot.com","locationId":"us-central"},"state":"ACTIVE"}
[info] i  functions: ensuring required API cloudfunctions.googleapis.com is enabled... 
[info] i  functions: ensuring required API cloudbuild.googleapis.com is enabled... 
[debug] [2022-05-14T20:25:30.881Z] >>> [apiv2][query] GET https://serviceusage.googleapis.com/v1/projects/react-chat-app-56a9d/services/cloudfunctions.googleapis.com [none]
[debug] [2022-05-14T20:25:30.882Z] >>> [apiv2][query] GET https://serviceusage.googleapis.com/v1/projects/react-chat-app-56a9d/services/runtimeconfig.googleapis.com [none]
[debug] [2022-05-14T20:25:30.882Z] >>> [apiv2][query] GET https://serviceusage.googleapis.com/v1/projects/react-chat-app-56a9d/services/cloudbuild.googleapis.com [none]
[debug] [2022-05-14T20:25:30.883Z] >>> [apiv2][query] GET https://serviceusage.googleapis.com/v1/projects/react-chat-app-56a9d/services/artifactregistry.googleapis.com [none]
[debug] [2022-05-14T20:25:32.674Z] <<< [apiv2][status] GET https://serviceusage.googleapis.com/v1/projects/react-chat-app-56a9d/services/cloudfunctions.googleapis.com 200
[debug] [2022-05-14T20:25:32.674Z] <<< [apiv2][body] GET https://serviceusage.googleapis.com/v1/projects/react-chat-app-56a9d/services/cloudfunctions.googleapis.com [omitted]
[info] +  functions: required API cloudfunctions.googleapis.com is enabled 
[debug] [2022-05-14T20:25:32.675Z] <<< [apiv2][status] GET https://serviceusage.googleapis.com/v1/projects/react-chat-app-56a9d/services/runtimeconfig.googleapis.com 200
[debug] [2022-05-14T20:25:32.675Z] <<< [apiv2][body] GET https://serviceusage.googleapis.com/v1/projects/react-chat-app-56a9d/services/runtimeconfig.googleapis.com [omitted]
[debug] [2022-05-14T20:25:32.675Z] <<< [apiv2][status] GET https://serviceusage.googleapis.com/v1/projects/react-chat-app-56a9d/services/artifactregistry.googleapis.com 200
[debug] [2022-05-14T20:25:32.676Z] <<< [apiv2][body] GET https://serviceusage.googleapis.com/v1/projects/react-chat-app-56a9d/services/artifactregistry.googleapis.com [omitted]
[debug] [2022-05-14T20:25:32.687Z] <<< [apiv2][status] GET https://serviceusage.googleapis.com/v1/projects/react-chat-app-56a9d/services/cloudbuild.googleapis.com 200
[debug] [2022-05-14T20:25:32.687Z] <<< [apiv2][body] GET https://serviceusage.googleapis.com/v1/projects/react-chat-app-56a9d/services/cloudbuild.googleapis.com [omitted]
[info] +  functions: required API cloudbuild.googleapis.com is enabled 
[debug] [2022-05-14T20:25:32.687Z] >>> [apiv2][query] GET https://firebase.googleapis.com/v1beta1/projects/react-chat-app-56a9d/adminSdkConfig [none]
[debug] [2022-05-14T20:25:33.620Z] <<< [apiv2][status] GET https://firebase.googleapis.com/v1beta1/projects/react-chat-app-56a9d/adminSdkConfig 200
[debug] [2022-05-14T20:25:33.621Z] <<< [apiv2][body] GET https://firebase.googleapis.com/v1beta1/projects/react-chat-app-56a9d/adminSdkConfig {"projectId":"react-chat-app-56a9d","storageBucket":"react-chat-app-56a9d.appspot.com","locationId":"us-central"}
[debug] [2022-05-14T20:25:33.621Z] >>> [apiv2][query] GET https://runtimeconfig.googleapis.com/v1beta1/projects/react-chat-app-56a9d/configs [none]
[debug] [2022-05-14T20:25:34.081Z] <<< [apiv2][status] GET https://runtimeconfig.googleapis.com/v1beta1/projects/react-chat-app-56a9d/configs 200
[debug] [2022-05-14T20:25:34.081Z] <<< [apiv2][body] GET https://runtimeconfig.googleapis.com/v1beta1/projects/react-chat-app-56a9d/configs {}
[info] i  functions: preparing codebase default for deployment 
[debug] [2022-05-14T20:25:34.083Z] Validating nodejs source
[debug] [2022-05-14T20:25:35.793Z] > [functions] package.json contents: {
  "name": "functions",
  "description": "Cloud Functions for Firebase",
  "scripts": {
    "lint": "eslint .",
    "serve": "firebase emulators:start --only functions",
    "shell": "firebase functions:shell",
    "start": "npm run shell",
    "deploy": "firebase deploy --only functions",
    "logs": "firebase functions:log"
  },
  "engines": {
    "node": "16"
  },
  "main": "index.js",
  "dependencies": {
    "firebase-admin": "^10.0.2",
    "firebase-functions": "^3.18.0"
  },
  "devDependencies": {
    "eslint": "^8.9.0",
    "eslint-config-google": "^0.14.0",
    "firebase-functions-test": "^0.2.0"
  },
  "private": true
}
[debug] [2022-05-14T20:25:35.793Z] Building nodejs source
[debug] [2022-05-14T20:25:35.793Z] Analyzing nodejs backend spec
[debug] [2022-05-14T20:25:35.794Z] Could not find functions.yaml. Must use http discovery
[debug] [2022-05-14T20:25:35.972Z] Serving at port 9005

[debug] [2022-05-14T20:25:36.046Z] Got response from /__/functions.yaml {"endpoints":{"detectEvilUsers":{"platform":"gcfv1","eventTrigger":{"eventType":"providers/cloud.firestore/eventTypes/document.create","eventFilters":{"resource":"projects/react-chat-app-56a9d/databases/(default)/documents/messages/{msgId}"},"retry":false},"labels":{},"entryPoint":"detectEvilUsers"}},"specVersion":"v1alpha1","requiredAPIs":[]}
[debug] [2022-05-14T20:25:36.051Z] shutdown requested via /__/quitquitquit

[info] i  functions: preparing functions directory for uploading... 
[info] i  functions: packaged C:\Users\ASHUTOSH GUPTA\OneDrive\Desktop\React Chat App\main\functions (67.42 KB) for uploading 
[debug] [2022-05-14T20:25:36.097Z] >>> [apiv2][query] GET https://cloudfunctions.googleapis.com/v1/projects/react-chat-app-56a9d/locations/-/functions [none]
[debug] [2022-05-14T20:25:36.860Z] <<< [apiv2][status] GET https://cloudfunctions.googleapis.com/v1/projects/react-chat-app-56a9d/locations/-/functions 200
[debug] [2022-05-14T20:25:36.860Z] <<< [apiv2][body] GET https://cloudfunctions.googleapis.com/v1/projects/react-chat-app-56a9d/locations/-/functions {"functions":[{"name":"projects/react-chat-app-56a9d/locations/us-central1/functions/detectEvilUsers","eventTrigger":{"eventType":"providers/cloud.firestore/eventTypes/document.create","resource":"projects/react-chat-app-56a9d/databases/(default)/documents/messages/{msgId}","service":"firestore.googleapis.com","failurePolicy":{}},"status":"OFFLINE","entryPoint":"detectEvilUsers","timeout":"60s","availableMemoryMb":256,"serviceAccountEmail":"react-chat-app-56a9d@appspot.gserviceaccount.com","updateTime":"2022-05-14T20:10:58.625Z","versionId":"4","labels":{"deployment-tool":"cli-firebase"},"sourceUploadUrl":"https://storage.googleapis.com/uploads-810768291340.us-central1.cloudfunctions.appspot.com/bd55708b-740b-40e9-95f1-e8306d9f2fe4.zip","environmentVariables":{"FIREBASE_CONFIG":"{\"projectId\":\"react-chat-app-56a9d\",\"storageBucket\":\"react-chat-app-56a9d.appspot.com\",\"locationId\":\"us-central\"}","GCLOUD_PROJECT":"react-chat-app-56a9d"},"runtime":"nodejs16","ingressSettings":"ALLOW_ALL","buildId":"fba6dc06-f6a6-42d8-854a-2d8091f2687b","buildName":"projects/823821692820/locations/us-central1/builds/fba6dc06-f6a6-42d8-854a-2d8091f2687b","dockerRegistry":"CONTAINER_REGISTRY"}]}
[debug] [2022-05-14T20:25:36.861Z] >>> [apiv2][query] GET https://cloudfunctions.googleapis.com/v2alpha/projects/react-chat-app-56a9d/locations/-/functions [none]
[debug] [2022-05-14T20:25:38.523Z] <<< [apiv2][status] GET https://cloudfunctions.googleapis.com/v2alpha/projects/react-chat-app-56a9d/locations/-/functions 200
[debug] [2022-05-14T20:25:38.523Z] <<< [apiv2][body] GET https://cloudfunctions.googleapis.com/v2alpha/projects/react-chat-app-56a9d/locations/-/functions {}
[debug] [2022-05-14T20:25:38.527Z] >>> [apiv2][query] GET https://firebase.googleapis.com/v1beta1/projects/react-chat-app-56a9d [none]
[debug] [2022-05-14T20:25:39.210Z] <<< [apiv2][status] GET https://firebase.googleapis.com/v1beta1/projects/react-chat-app-56a9d 200
[debug] [2022-05-14T20:25:39.210Z] <<< [apiv2][body] GET https://firebase.googleapis.com/v1beta1/projects/react-chat-app-56a9d {"projectId":"react-chat-app-56a9d","projectNumber":"823821692820","displayName":"React-Chat-App","name":"projects/react-chat-app-56a9d","resources":{"hostingSite":"react-chat-app-56a9d","storageBucket":"react-chat-app-56a9d.appspot.com","locationId":"us-central"},"state":"ACTIVE"}
[debug] [2022-05-14T20:25:39.211Z] >>> [apiv2][query] POST https://cloudfunctions.googleapis.com/v1/projects/react-chat-app-56a9d/locations/us-central1/functions:generateUploadUrl [none]
[debug] [2022-05-14T20:25:39.211Z] >>> [apiv2][body] POST https://cloudfunctions.googleapis.com/v1/projects/react-chat-app-56a9d/locations/us-central1/functions:generateUploadUrl {}
[debug] [2022-05-14T20:25:40.081Z] <<< [apiv2][status] POST https://cloudfunctions.googleapis.com/v1/projects/react-chat-app-56a9d/locations/us-central1/functions:generateUploadUrl 200
[debug] [2022-05-14T20:25:40.081Z] <<< [apiv2][body] POST https://cloudfunctions.googleapis.com/v1/projects/react-chat-app-56a9d/locations/us-central1/functions:generateUploadUrl {"uploadUrl":"https://storage.googleapis.com/uploads-810768291340.us-central1.cloudfunctions.appspot.com/66a4f743-ec52-4940-ad3a-6b964bde48c4.zip?GoogleAccessId=service-823821692820@gcf-admin-robot.iam.gserviceaccount.com&Expires=1652561744&Signature=UNp7setttRN%2BzBbBkAMoB3RSnLJQ2lK2HKyOiISt10v4x4wribMNMV1bycX4z2%2Fvae4Dxb2FIyjPmYxGdRUcOTvDl3O7jaKYIQPLKJoK155WtRTO8K2GR8%2BMw0DlIfZbHrrtcnGeTbkGvarpxZqK5F0yyA461BVjvlwoymLMexzvUR0z2V8DsP4EJo1dSn7KIX59yBnNs2G2VULe2HfFeHn2jtLJ3qO%2B9OhAYWMMWPNjKn%2FUwaXEaLqo%2FBhb1qq%2B%2BJ3zEiW88Q3RM7pmDy%2FNsfjS8K1DCaW0GxAOA38kwdRuHFU0E%2BtUIkWbEweu679xpgu30zDljK5DPwZWe2muXA%3D%3D"}
[debug] [2022-05-14T20:25:40.082Z] >>> [apiv2][query] PUT https://storage.googleapis.com/uploads-810768291340.us-central1.cloudfunctions.appspot.com/66a4f743-ec52-4940-ad3a-6b964bde48c4.zip GoogleAccessId=service-823821692820%40gcf-admin-robot.iam.gserviceaccount.com&Expires=1652561744&Signature=UNp7setttRN%2BzBbBkAMoB3RSnLJQ2lK2HKyOiISt10v4x4wribMNMV1bycX4z2%2Fvae4Dxb2FIyjPmYxGdRUcOTvDl3O7jaKYIQPLKJoK155WtRTO8K2GR8%2BMw0DlIfZbHrrtcnGeTbkGvarpxZqK5F0yyA461BVjvlwoymLMexzvUR0z2V8DsP4EJo1dSn7KIX59yBnNs2G2VULe2HfFeHn2jtLJ3qO%2B9OhAYWMMWPNjKn%2FUwaXEaLqo%2FBhb1qq%2B%2BJ3zEiW88Q3RM7pmDy%2FNsfjS8K1DCaW0GxAOA38kwdRuHFU0E%2BtUIkWbEweu679xpgu30zDljK5DPwZWe2muXA%3D%3D
[debug] [2022-05-14T20:25:40.082Z] >>> [apiv2][body] PUT https://storage.googleapis.com/uploads-810768291340.us-central1.cloudfunctions.appspot.com/66a4f743-ec52-4940-ad3a-6b964bde48c4.zip [stream]
[debug] [2022-05-14T20:25:41.136Z] <<< [apiv2][status] PUT https://storage.googleapis.com/uploads-810768291340.us-central1.cloudfunctions.appspot.com/66a4f743-ec52-4940-ad3a-6b964bde48c4.zip 200
[debug] [2022-05-14T20:25:41.136Z] <<< [apiv2][body] PUT https://storage.googleapis.com/uploads-810768291340.us-central1.cloudfunctions.appspot.com/66a4f743-ec52-4940-ad3a-6b964bde48c4.zip [omitted]
[info] +  functions: functions folder uploaded successfully 
[info] i  functions: updating Node.js 16 function detectEvilUsers(us-central1)... 
[debug] [2022-05-14T20:25:41.139Z] >>> [apiv2][query] PATCH https://cloudfunctions.googleapis.com/v1/projects/react-chat-app-56a9d/locations/us-central1/functions/detectEvilUsers updateMask=name%2CsourceUploadUrl%2CentryPoint%2Cruntime%2Clabels%2CeventTrigger.eventType%2CeventTrigger.resource%2CeventTrigger.failurePolicy%2CavailableMemoryMb%2CenvironmentVariables%2CsourceToken
[debug] [2022-05-14T20:25:41.139Z] >>> [apiv2][body] PATCH https://cloudfunctions.googleapis.com/v1/projects/react-chat-app-56a9d/locations/us-central1/functions/detectEvilUsers {"name":"projects/react-chat-app-56a9d/locations/us-central1/functions/detectEvilUsers","sourceUploadUrl":"https://storage.googleapis.com/uploads-810768291340.us-central1.cloudfunctions.appspot.com/66a4f743-ec52-4940-ad3a-6b964bde48c4.zip?GoogleAccessId=service-823821692820@gcf-admin-robot.iam.gserviceaccount.com&Expires=1652561744&Signature=UNp7setttRN%2BzBbBkAMoB3RSnLJQ2lK2HKyOiISt10v4x4wribMNMV1bycX4z2%2Fvae4Dxb2FIyjPmYxGdRUcOTvDl3O7jaKYIQPLKJoK155WtRTO8K2GR8%2BMw0DlIfZbHrrtcnGeTbkGvarpxZqK5F0yyA461BVjvlwoymLMexzvUR0z2V8DsP4EJo1dSn7KIX59yBnNs2G2VULe2HfFeHn2jtLJ3qO%2B9OhAYWMMWPNjKn%2FUwaXEaLqo%2FBhb1qq%2B%2BJ3zEiW88Q3RM7pmDy%2FNsfjS8K1DCaW0GxAOA38kwdRuHFU0E%2BtUIkWbEweu679xpgu30zDljK5DPwZWe2muXA%3D%3D","entryPoint":"detectEvilUsers","runtime":"nodejs16","labels":{"deployment-tool":"cli-firebase"},"eventTrigger":{"eventType":"providers/cloud.firestore/eventTypes/document.create","resource":"projects/react-chat-app-56a9d/databases/(default)/documents/messages/{msgId}"},"availableMemoryMb":256,"environmentVariables":{"FIREBASE_CONFIG":"{\"projectId\":\"react-chat-app-56a9d\",\"storageBucket\":\"react-chat-app-56a9d.appspot.com\",\"locationId\":\"us-central\"}","GCLOUD_PROJECT":"react-chat-app-56a9d"}}
[debug] [2022-05-14T20:25:41.896Z] <<< [apiv2][status] PATCH https://cloudfunctions.googleapis.com/v1/projects/react-chat-app-56a9d/locations/us-central1/functions/detectEvilUsers 200
[debug] [2022-05-14T20:25:41.896Z] <<< [apiv2][body] PATCH https://cloudfunctions.googleapis.com/v1/projects/react-chat-app-56a9d/locations/us-central1/functions/detectEvilUsers {"name":"operations/cmVhY3QtY2hhdC1hcHAtNTZhOWQvdXMtY2VudHJhbDEvZGV0ZWN0RXZpbFVzZXJzL3IxT0pUajJNQ0lR","metadata":{"@type":"type.googleapis.com/google.cloud.functions.v1.OperationMetadataV1","target":"projects/react-chat-app-56a9d/locations/us-central1/functions/detectEvilUsers","type":"UPDATE_FUNCTION","request":{"@type":"type.googleapis.com/google.cloud.functions.v1.CloudFunction","name":"projects/react-chat-app-56a9d/locations/us-central1/functions/detectEvilUsers","eventTrigger":{"eventType":"providers/cloud.firestore/eventTypes/document.create","resource":"projects/react-chat-app-56a9d/databases/(default)/documents/messages/{msgId}","service":"firestore.googleapis.com"},"status":"OFFLINE","entryPoint":"detectEvilUsers","timeout":"60s","availableMemoryMb":256,"serviceAccountEmail":"react-chat-app-56a9d@appspot.gserviceaccount.com","updateTime":"2022-05-14T20:10:58.625Z","versionId":"4","labels":{"deployment-tool":"cli-firebase"},"sourceUploadUrl":"https://storage.googleapis.com/uploads-810768291340.us-central1.cloudfunctions.appspot.com/66a4f743-ec52-4940-ad3a-6b964bde48c4.zip?GoogleAccessId=service-823821692820@gcf-admin-robot.iam.gserviceaccount.com&Expires=1652561744&Signature=UNp7setttRN%2BzBbBkAMoB3RSnLJQ2lK2HKyOiISt10v4x4wribMNMV1bycX4z2%2Fvae4Dxb2FIyjPmYxGdRUcOTvDl3O7jaKYIQPLKJoK155WtRTO8K2GR8%2BMw0DlIfZbHrrtcnGeTbkGvarpxZqK5F0yyA461BVjvlwoymLMexzvUR0z2V8DsP4EJo1dSn7KIX59yBnNs2G2VULe2HfFeHn2jtLJ3qO%2B9OhAYWMMWPNjKn%2FUwaXEaLqo%2FBhb1qq%2B%2BJ3zEiW88Q3RM7pmDy%2FNsfjS8K1DCaW0GxAOA38kwdRuHFU0E%2BtUIkWbEweu679xpgu30zDljK5DPwZWe2muXA%3D%3D","environmentVariables":{"FIREBASE_CONFIG":"{\"projectId\":\"react-chat-app-56a9d\",\"storageBucket\":\"react-chat-app-56a9d.appspot.com\",\"locationId\":\"us-central\"}","GCLOUD_PROJECT":"react-chat-app-56a9d"},"runtime":"nodejs16","ingressSettings":"ALLOW_ALL","buildId":"fba6dc06-f6a6-42d8-854a-2d8091f2687b","buildName":"projects/823821692820/locations/us-central1/builds/fba6dc06-f6a6-42d8-854a-2d8091f2687b","dockerRegistry":"CONTAINER_REGISTRY"},"versionId":"5","updateTime":"2022-05-14T20:25:46Z"}}
[debug] [2022-05-14T20:25:41.896Z] >>> [apiv2][query] GET https://cloudfunctions.googleapis.com/v1/operations/cmVhY3QtY2hhdC1hcHAtNTZhOWQvdXMtY2VudHJhbDEvZGV0ZWN0RXZpbFVzZXJzL3IxT0pUajJNQ0lR [none]
[debug] [2022-05-14T20:25:42.486Z] <<< [apiv2][status] GET https://cloudfunctions.googleapis.com/v1/operations/cmVhY3QtY2hhdC1hcHAtNTZhOWQvdXMtY2VudHJhbDEvZGV0ZWN0RXZpbFVzZXJzL3IxT0pUajJNQ0lR 200
[debug] [2022-05-14T20:25:42.486Z] <<< [apiv2][body] GET https://cloudfunctions.googleapis.com/v1/operations/cmVhY3QtY2hhdC1hcHAtNTZhOWQvdXMtY2VudHJhbDEvZGV0ZWN0RXZpbFVzZXJzL3IxT0pUajJNQ0lR {"name":"operations/cmVhY3QtY2hhdC1hcHAtNTZhOWQvdXMtY2VudHJhbDEvZGV0ZWN0RXZpbFVzZXJzL3IxT0pUajJNQ0lR","metadata":{"@type":"type.googleapis.com/google.cloud.functions.v1.OperationMetadataV1","target":"projects/react-chat-app-56a9d/locations/us-central1/functions/detectEvilUsers","type":"UPDATE_FUNCTION","request":{"@type":"type.googleapis.com/google.cloud.functions.v1.CloudFunction","name":"projects/react-chat-app-56a9d/locations/us-central1/functions/detectEvilUsers","eventTrigger":{"eventType":"providers/cloud.firestore/eventTypes/document.create","resource":"projects/react-chat-app-56a9d/databases/(default)/documents/messages/{msgId}","service":"firestore.googleapis.com"},"status":"OFFLINE","entryPoint":"detectEvilUsers","timeout":"60s","availableMemoryMb":256,"serviceAccountEmail":"react-chat-app-56a9d@appspot.gserviceaccount.com","updateTime":"2022-05-14T20:10:58.625Z","versionId":"4","labels":{"deployment-tool":"cli-firebase"},"sourceUploadUrl":"https://storage.googleapis.com/uploads-810768291340.us-central1.cloudfunctions.appspot.com/66a4f743-ec52-4940-ad3a-6b964bde48c4.zip?GoogleAccessId=service-823821692820@gcf-admin-robot.iam.gserviceaccount.com&Expires=1652561744&Signature=UNp7setttRN%2BzBbBkAMoB3RSnLJQ2lK2HKyOiISt10v4x4wribMNMV1bycX4z2%2Fvae4Dxb2FIyjPmYxGdRUcOTvDl3O7jaKYIQPLKJoK155WtRTO8K2GR8%2BMw0DlIfZbHrrtcnGeTbkGvarpxZqK5F0yyA461BVjvlwoymLMexzvUR0z2V8DsP4EJo1dSn7KIX59yBnNs2G2VULe2HfFeHn2jtLJ3qO%2B9OhAYWMMWPNjKn%2FUwaXEaLqo%2FBhb1qq%2B%2BJ3zEiW88Q3RM7pmDy%2FNsfjS8K1DCaW0GxAOA38kwdRuHFU0E%2BtUIkWbEweu679xpgu30zDljK5DPwZWe2muXA%3D%3D","environmentVariables":{"FIREBASE_CONFIG":"{\"projectId\":\"react-chat-app-56a9d\",\"storageBucket\":\"react-chat-app-56a9d.appspot.com\",\"locationId\":\"us-central\"}","GCLOUD_PROJECT":"react-chat-app-56a9d"},"runtime":"nodejs16","ingressSettings":"ALLOW_ALL","buildId":"fba6dc06-f6a6-42d8-854a-2d8091f2687b","buildName":"projects/823821692820/locations/us-central1/builds/fba6dc06-f6a6-42d8-854a-2d8091f2687b","dockerRegistry":"CONTAINER_REGISTRY"},"versionId":"5","updateTime":"2022-05-14T20:25:46Z"}}
[debug] [2022-05-14T20:25:42.991Z] [update-default-us-central1-detectEvilUsers] Retrying task index 0
[debug] [2022-05-14T20:25:42.991Z] >>> [apiv2][query] GET https://cloudfunctions.googleapis.com/v1/operations/cmVhY3QtY2hhdC1hcHAtNTZhOWQvdXMtY2VudHJhbDEvZGV0ZWN0RXZpbFVzZXJzL3IxT0pUajJNQ0lR [none]
[debug] [2022-05-14T20:25:43.536Z] <<< [apiv2][status] GET https://cloudfunctions.googleapis.com/v1/operations/cmVhY3QtY2hhdC1hcHAtNTZhOWQvdXMtY2VudHJhbDEvZGV0ZWN0RXZpbFVzZXJzL3IxT0pUajJNQ0lR 200
[debug] [2022-05-14T20:25:43.537Z] <<< [apiv2][body] GET https://cloudfunctions.googleapis.com/v1/operations/cmVhY3QtY2hhdC1hcHAtNTZhOWQvdXMtY2VudHJhbDEvZGV0ZWN0RXZpbFVzZXJzL3IxT0pUajJNQ0lR {"name":"operations/cmVhY3QtY2hhdC1hcHAtNTZhOWQvdXMtY2VudHJhbDEvZGV0ZWN0RXZpbFVzZXJzL3IxT0pUajJNQ0lR","metadata":{"@type":"type.googleapis.com/google.cloud.functions.v1.OperationMetadataV1","target":"projects/react-chat-app-56a9d/locations/us-central1/functions/detectEvilUsers","type":"UPDATE_FUNCTION","request":{"@type":"type.googleapis.com/google.cloud.functions.v1.CloudFunction","name":"projects/react-chat-app-56a9d/locations/us-central1/functions/detectEvilUsers","eventTrigger":{"eventType":"providers/cloud.firestore/eventTypes/document.create","resource":"projects/react-chat-app-56a9d/databases/(default)/documents/messages/{msgId}","service":"firestore.googleapis.com"},"status":"OFFLINE","entryPoint":"detectEvilUsers","timeout":"60s","availableMemoryMb":256,"serviceAccountEmail":"react-chat-app-56a9d@appspot.gserviceaccount.com","updateTime":"2022-05-14T20:10:58.625Z","versionId":"4","labels":{"deployment-tool":"cli-firebase"},"sourceUploadUrl":"https://storage.googleapis.com/uploads-810768291340.us-central1.cloudfunctions.appspot.com/66a4f743-ec52-4940-ad3a-6b964bde48c4.zip?GoogleAccessId=service-823821692820@gcf-admin-robot.iam.gserviceaccount.com&Expires=1652561744&Signature=UNp7setttRN%2BzBbBkAMoB3RSnLJQ2lK2HKyOiISt10v4x4wribMNMV1bycX4z2%2Fvae4Dxb2FIyjPmYxGdRUcOTvDl3O7jaKYIQPLKJoK155WtRTO8K2GR8%2BMw0DlIfZbHrrtcnGeTbkGvarpxZqK5F0yyA461BVjvlwoymLMexzvUR0z2V8DsP4EJo1dSn7KIX59yBnNs2G2VULe2HfFeHn2jtLJ3qO%2B9OhAYWMMWPNjKn%2FUwaXEaLqo%2FBhb1qq%2B%2BJ3zEiW88Q3RM7pmDy%2FNsfjS8K1DCaW0GxAOA38kwdRuHFU0E%2BtUIkWbEweu679xpgu30zDljK5DPwZWe2muXA%3D%3D","environmentVariables":{"FIREBASE_CONFIG":"{\"projectId\":\"react-chat-app-56a9d\",\"storageBucket\":\"react-chat-app-56a9d.appspot.com\",\"locationId\":\"us-central\"}","GCLOUD_PROJECT":"react-chat-app-56a9d"},"runtime":"nodejs16","ingressSettings":"ALLOW_ALL","buildId":"fba6dc06-f6a6-42d8-854a-2d8091f2687b","buildName":"projects/823821692820/locations/us-central1/builds/fba6dc06-f6a6-42d8-854a-2d8091f2687b","dockerRegistry":"CONTAINER_REGISTRY"},"versionId":"5","updateTime":"2022-05-14T20:25:46Z","buildId":"aa318104-6820-41e0-85d6-080643e47fed","buildName":"projects/823821692820/locations/us-central1/builds/aa318104-6820-41e0-85d6-080643e47fed"}}
[debug] [2022-05-14T20:25:44.540Z] [update-default-us-central1-detectEvilUsers] Retrying task index 0
[debug] [2022-05-14T20:25:44.540Z] >>> [apiv2][query] GET https://cloudfunctions.googleapis.com/v1/operations/cmVhY3QtY2hhdC1hcHAtNTZhOWQvdXMtY2VudHJhbDEvZGV0ZWN0RXZpbFVzZXJzL3IxT0pUajJNQ0lR [none]
[debug] [2022-05-14T20:25:45.063Z] <<< [apiv2][status] GET https://cloudfunctions.googleapis.com/v1/operations/cmVhY3QtY2hhdC1hcHAtNTZhOWQvdXMtY2VudHJhbDEvZGV0ZWN0RXZpbFVzZXJzL3IxT0pUajJNQ0lR 200
[debug] [2022-05-14T20:25:45.063Z] <<< [apiv2][body] GET https://cloudfunctions.googleapis.com/v1/operations/cmVhY3QtY2hhdC1hcHAtNTZhOWQvdXMtY2VudHJhbDEvZGV0ZWN0RXZpbFVzZXJzL3IxT0pUajJNQ0lR {"name":"operations/cmVhY3QtY2hhdC1hcHAtNTZhOWQvdXMtY2VudHJhbDEvZGV0ZWN0RXZpbFVzZXJzL3IxT0pUajJNQ0lR","metadata":{"@type":"type.googleapis.com/google.cloud.functions.v1.OperationMetadataV1","target":"projects/react-chat-app-56a9d/locations/us-central1/functions/detectEvilUsers","type":"UPDATE_FUNCTION","request":{"@type":"type.googleapis.com/google.cloud.functions.v1.CloudFunction","name":"projects/react-chat-app-56a9d/locations/us-central1/functions/detectEvilUsers","eventTrigger":{"eventType":"providers/cloud.firestore/eventTypes/document.create","resource":"projects/react-chat-app-56a9d/databases/(default)/documents/messages/{msgId}","service":"firestore.googleapis.com"},"status":"OFFLINE","entryPoint":"detectEvilUsers","timeout":"60s","availableMemoryMb":256,"serviceAccountEmail":"react-chat-app-56a9d@appspot.gserviceaccount.com","updateTime":"2022-05-14T20:10:58.625Z","versionId":"4","labels":{"deployment-tool":"cli-firebase"},"sourceUploadUrl":"https://storage.googleapis.com/uploads-810768291340.us-central1.cloudfunctions.appspot.com/66a4f743-ec52-4940-ad3a-6b964bde48c4.zip?GoogleAccessId=service-823821692820@gcf-admin-robot.iam.gserviceaccount.com&Expires=1652561744&Signature=UNp7setttRN%2BzBbBkAMoB3RSnLJQ2lK2HKyOiISt10v4x4wribMNMV1bycX4z2%2Fvae4Dxb2FIyjPmYxGdRUcOTvDl3O7jaKYIQPLKJoK155WtRTO8K2GR8%2BMw0DlIfZbHrrtcnGeTbkGvarpxZqK5F0yyA461BVjvlwoymLMexzvUR0z2V8DsP4EJo1dSn7KIX59yBnNs2G2VULe2HfFeHn2jtLJ3qO%2B9OhAYWMMWPNjKn%2FUwaXEaLqo%2FBhb1qq%2B%2BJ3zEiW88Q3RM7pmDy%2FNsfjS8K1DCaW0GxAOA38kwdRuHFU0E%2BtUIkWbEweu679xpgu30zDljK5DPwZWe2muXA%3D%3D","environmentVariables":{"FIREBASE_CONFIG":"{\"projectId\":\"react-chat-app-56a9d\",\"storageBucket\":\"react-chat-app-56a9d.appspot.com\",\"locationId\":\"us-central\"}","GCLOUD_PROJECT":"react-chat-app-56a9d"},"runtime":"nodejs16","ingressSettings":"ALLOW_ALL","buildId":"fba6dc06-f6a6-42d8-854a-2d8091f2687b","buildName":"projects/823821692820/locations/us-central1/builds/fba6dc06-f6a6-42d8-854a-2d8091f2687b","dockerRegistry":"CONTAINER_REGISTRY"},"versionId":"5","updateTime":"2022-05-14T20:25:46Z","buildId":"aa318104-6820-41e0-85d6-080643e47fed","buildName":"projects/823821692820/locations/us-central1/builds/aa318104-6820-41e0-85d6-080643e47fed"}}
[debug] [2022-05-14T20:25:47.065Z] [update-default-us-central1-detectEvilUsers] Retrying task index 0
[debug] [2022-05-14T20:25:47.065Z] >>> [apiv2][query] GET https://cloudfunctions.googleapis.com/v1/operations/cmVhY3QtY2hhdC1hcHAtNTZhOWQvdXMtY2VudHJhbDEvZGV0ZWN0RXZpbFVzZXJzL3IxT0pUajJNQ0lR [none]
[debug] [2022-05-14T20:25:47.591Z] <<< [apiv2][status] GET https://cloudfunctions.googleapis.com/v1/operations/cmVhY3QtY2hhdC1hcHAtNTZhOWQvdXMtY2VudHJhbDEvZGV0ZWN0RXZpbFVzZXJzL3IxT0pUajJNQ0lR 200
[debug] [2022-05-14T20:25:47.591Z] <<< [apiv2][body] GET https://cloudfunctions.googleapis.com/v1/operations/cmVhY3QtY2hhdC1hcHAtNTZhOWQvdXMtY2VudHJhbDEvZGV0ZWN0RXZpbFVzZXJzL3IxT0pUajJNQ0lR {"name":"operations/cmVhY3QtY2hhdC1hcHAtNTZhOWQvdXMtY2VudHJhbDEvZGV0ZWN0RXZpbFVzZXJzL3IxT0pUajJNQ0lR","metadata":{"@type":"type.googleapis.com/google.cloud.functions.v1.OperationMetadataV1","target":"projects/react-chat-app-56a9d/locations/us-central1/functions/detectEvilUsers","type":"UPDATE_FUNCTION","request":{"@type":"type.googleapis.com/google.cloud.functions.v1.CloudFunction","name":"projects/react-chat-app-56a9d/locations/us-central1/functions/detectEvilUsers","eventTrigger":{"eventType":"providers/cloud.firestore/eventTypes/document.create","resource":"projects/react-chat-app-56a9d/databases/(default)/documents/messages/{msgId}","service":"firestore.googleapis.com"},"status":"OFFLINE","entryPoint":"detectEvilUsers","timeout":"60s","availableMemoryMb":256,"serviceAccountEmail":"react-chat-app-56a9d@appspot.gserviceaccount.com","updateTime":"2022-05-14T20:10:58.625Z","versionId":"4","labels":{"deployment-tool":"cli-firebase"},"sourceUploadUrl":"https://storage.googleapis.com/uploads-810768291340.us-central1.cloudfunctions.appspot.com/66a4f743-ec52-4940-ad3a-6b964bde48c4.zip?GoogleAccessId=service-823821692820@gcf-admin-robot.iam.gserviceaccount.com&Expires=1652561744&Signature=UNp7setttRN%2BzBbBkAMoB3RSnLJQ2lK2HKyOiISt10v4x4wribMNMV1bycX4z2%2Fvae4Dxb2FIyjPmYxGdRUcOTvDl3O7jaKYIQPLKJoK155WtRTO8K2GR8%2BMw0DlIfZbHrrtcnGeTbkGvarpxZqK5F0yyA461BVjvlwoymLMexzvUR0z2V8DsP4EJo1dSn7KIX59yBnNs2G2VULe2HfFeHn2jtLJ3qO%2B9OhAYWMMWPNjKn%2FUwaXEaLqo%2FBhb1qq%2B%2BJ3zEiW88Q3RM7pmDy%2FNsfjS8K1DCaW0GxAOA38kwdRuHFU0E%2BtUIkWbEweu679xpgu30zDljK5DPwZWe2muXA%3D%3D","environmentVariables":{"FIREBASE_CONFIG":"{\"projectId\":\"react-chat-app-56a9d\",\"storageBucket\":\"react-chat-app-56a9d.appspot.com\",\"locationId\":\"us-central\"}","GCLOUD_PROJECT":"react-chat-app-56a9d"},"runtime":"nodejs16","ingressSettings":"ALLOW_ALL","buildId":"fba6dc06-f6a6-42d8-854a-2d8091f2687b","buildName":"projects/823821692820/locations/us-central1/builds/fba6dc06-f6a6-42d8-854a-2d8091f2687b","dockerRegistry":"CONTAINER_REGISTRY"},"versionId":"5","updateTime":"2022-05-14T20:25:46Z","buildId":"aa318104-6820-41e0-85d6-080643e47fed","buildName":"projects/823821692820/locations/us-central1/builds/aa318104-6820-41e0-85d6-080643e47fed"}}
[debug] [2022-05-14T20:25:51.600Z] [update-default-us-central1-detectEvilUsers] Retrying task index 0
[debug] [2022-05-14T20:25:51.600Z] >>> [apiv2][query] GET https://cloudfunctions.googleapis.com/v1/operations/cmVhY3QtY2hhdC1hcHAtNTZhOWQvdXMtY2VudHJhbDEvZGV0ZWN0RXZpbFVzZXJzL3IxT0pUajJNQ0lR [none]
[debug] [2022-05-14T20:25:52.151Z] <<< [apiv2][status] GET https://cloudfunctions.googleapis.com/v1/operations/cmVhY3QtY2hhdC1hcHAtNTZhOWQvdXMtY2VudHJhbDEvZGV0ZWN0RXZpbFVzZXJzL3IxT0pUajJNQ0lR 200
[debug] [2022-05-14T20:25:52.151Z] <<< [apiv2][body] GET https://cloudfunctions.googleapis.com/v1/operations/cmVhY3QtY2hhdC1hcHAtNTZhOWQvdXMtY2VudHJhbDEvZGV0ZWN0RXZpbFVzZXJzL3IxT0pUajJNQ0lR {"name":"operations/cmVhY3QtY2hhdC1hcHAtNTZhOWQvdXMtY2VudHJhbDEvZGV0ZWN0RXZpbFVzZXJzL3IxT0pUajJNQ0lR","metadata":{"@type":"type.googleapis.com/google.cloud.functions.v1.OperationMetadataV1","target":"projects/react-chat-app-56a9d/locations/us-central1/functions/detectEvilUsers","type":"UPDATE_FUNCTION","request":{"@type":"type.googleapis.com/google.cloud.functions.v1.CloudFunction","name":"projects/react-chat-app-56a9d/locations/us-central1/functions/detectEvilUsers","eventTrigger":{"eventType":"providers/cloud.firestore/eventTypes/document.create","resource":"projects/react-chat-app-56a9d/databases/(default)/documents/messages/{msgId}","service":"firestore.googleapis.com"},"status":"OFFLINE","entryPoint":"detectEvilUsers","timeout":"60s","availableMemoryMb":256,"serviceAccountEmail":"react-chat-app-56a9d@appspot.gserviceaccount.com","updateTime":"2022-05-14T20:10:58.625Z","versionId":"4","labels":{"deployment-tool":"cli-firebase"},"sourceUploadUrl":"https://storage.googleapis.com/uploads-810768291340.us-central1.cloudfunctions.appspot.com/66a4f743-ec52-4940-ad3a-6b964bde48c4.zip?GoogleAccessId=service-823821692820@gcf-admin-robot.iam.gserviceaccount.com&Expires=1652561744&Signature=UNp7setttRN%2BzBbBkAMoB3RSnLJQ2lK2HKyOiISt10v4x4wribMNMV1bycX4z2%2Fvae4Dxb2FIyjPmYxGdRUcOTvDl3O7jaKYIQPLKJoK155WtRTO8K2GR8%2BMw0DlIfZbHrrtcnGeTbkGvarpxZqK5F0yyA461BVjvlwoymLMexzvUR0z2V8DsP4EJo1dSn7KIX59yBnNs2G2VULe2HfFeHn2jtLJ3qO%2B9OhAYWMMWPNjKn%2FUwaXEaLqo%2FBhb1qq%2B%2BJ3zEiW88Q3RM7pmDy%2FNsfjS8K1DCaW0GxAOA38kwdRuHFU0E%2BtUIkWbEweu679xpgu30zDljK5DPwZWe2muXA%3D%3D","environmentVariables":{"FIREBASE_CONFIG":"{\"projectId\":\"react-chat-app-56a9d\",\"storageBucket\":\"react-chat-app-56a9d.appspot.com\",\"locationId\":\"us-central\"}","GCLOUD_PROJECT":"react-chat-app-56a9d"},"runtime":"nodejs16","ingressSettings":"ALLOW_ALL","buildId":"fba6dc06-f6a6-42d8-854a-2d8091f2687b","buildName":"projects/823821692820/locations/us-central1/builds/fba6dc06-f6a6-42d8-854a-2d8091f2687b","dockerRegistry":"CONTAINER_REGISTRY"},"versionId":"5","updateTime":"2022-05-14T20:25:46Z","buildId":"aa318104-6820-41e0-85d6-080643e47fed","buildName":"projects/823821692820/locations/us-central1/builds/aa318104-6820-41e0-85d6-080643e47fed"}}
[debug] [2022-05-14T20:26:00.154Z] [update-default-us-central1-detectEvilUsers] Retrying task index 0
[debug] [2022-05-14T20:26:00.154Z] >>> [apiv2][query] GET https://cloudfunctions.googleapis.com/v1/operations/cmVhY3QtY2hhdC1hcHAtNTZhOWQvdXMtY2VudHJhbDEvZGV0ZWN0RXZpbFVzZXJzL3IxT0pUajJNQ0lR [none]
[debug] [2022-05-14T20:26:00.667Z] <<< [apiv2][status] GET https://cloudfunctions.googleapis.com/v1/operations/cmVhY3QtY2hhdC1hcHAtNTZhOWQvdXMtY2VudHJhbDEvZGV0ZWN0RXZpbFVzZXJzL3IxT0pUajJNQ0lR 200
[debug] [2022-05-14T20:26:00.667Z] <<< [apiv2][body] GET https://cloudfunctions.googleapis.com/v1/operations/cmVhY3QtY2hhdC1hcHAtNTZhOWQvdXMtY2VudHJhbDEvZGV0ZWN0RXZpbFVzZXJzL3IxT0pUajJNQ0lR {"name":"operations/cmVhY3QtY2hhdC1hcHAtNTZhOWQvdXMtY2VudHJhbDEvZGV0ZWN0RXZpbFVzZXJzL3IxT0pUajJNQ0lR","metadata":{"@type":"type.googleapis.com/google.cloud.functions.v1.OperationMetadataV1","target":"projects/react-chat-app-56a9d/locations/us-central1/functions/detectEvilUsers","type":"UPDATE_FUNCTION","request":{"@type":"type.googleapis.com/google.cloud.functions.v1.CloudFunction","name":"projects/react-chat-app-56a9d/locations/us-central1/functions/detectEvilUsers","eventTrigger":{"eventType":"providers/cloud.firestore/eventTypes/document.create","resource":"projects/react-chat-app-56a9d/databases/(default)/documents/messages/{msgId}","service":"firestore.googleapis.com"},"status":"OFFLINE","entryPoint":"detectEvilUsers","timeout":"60s","availableMemoryMb":256,"serviceAccountEmail":"react-chat-app-56a9d@appspot.gserviceaccount.com","updateTime":"2022-05-14T20:10:58.625Z","versionId":"4","labels":{"deployment-tool":"cli-firebase"},"sourceUploadUrl":"https://storage.googleapis.com/uploads-810768291340.us-central1.cloudfunctions.appspot.com/66a4f743-ec52-4940-ad3a-6b964bde48c4.zip?GoogleAccessId=service-823821692820@gcf-admin-robot.iam.gserviceaccount.com&Expires=1652561744&Signature=UNp7setttRN%2BzBbBkAMoB3RSnLJQ2lK2HKyOiISt10v4x4wribMNMV1bycX4z2%2Fvae4Dxb2FIyjPmYxGdRUcOTvDl3O7jaKYIQPLKJoK155WtRTO8K2GR8%2BMw0DlIfZbHrrtcnGeTbkGvarpxZqK5F0yyA461BVjvlwoymLMexzvUR0z2V8DsP4EJo1dSn7KIX59yBnNs2G2VULe2HfFeHn2jtLJ3qO%2B9OhAYWMMWPNjKn%2FUwaXEaLqo%2FBhb1qq%2B%2BJ3zEiW88Q3RM7pmDy%2FNsfjS8K1DCaW0GxAOA38kwdRuHFU0E%2BtUIkWbEweu679xpgu30zDljK5DPwZWe2muXA%3D%3D","environmentVariables":{"FIREBASE_CONFIG":"{\"projectId\":\"react-chat-app-56a9d\",\"storageBucket\":\"react-chat-app-56a9d.appspot.com\",\"locationId\":\"us-central\"}","GCLOUD_PROJECT":"react-chat-app-56a9d"},"runtime":"nodejs16","ingressSettings":"ALLOW_ALL","buildId":"fba6dc06-f6a6-42d8-854a-2d8091f2687b","buildName":"projects/823821692820/locations/us-central1/builds/fba6dc06-f6a6-42d8-854a-2d8091f2687b","dockerRegistry":"CONTAINER_REGISTRY"},"versionId":"5","updateTime":"2022-05-14T20:25:46Z","buildId":"aa318104-6820-41e0-85d6-080643e47fed","buildName":"projects/823821692820/locations/us-central1/builds/aa318104-6820-41e0-85d6-080643e47fed"}}
[debug] [2022-05-14T20:26:10.675Z] [update-default-us-central1-detectEvilUsers] Retrying task index 0
[debug] [2022-05-14T20:26:10.676Z] >>> [apiv2][query] GET https://cloudfunctions.googleapis.com/v1/operations/cmVhY3QtY2hhdC1hcHAtNTZhOWQvdXMtY2VudHJhbDEvZGV0ZWN0RXZpbFVzZXJzL3IxT0pUajJNQ0lR [none]
[debug] [2022-05-14T20:26:11.270Z] <<< [apiv2][status] GET https://cloudfunctions.googleapis.com/v1/operations/cmVhY3QtY2hhdC1hcHAtNTZhOWQvdXMtY2VudHJhbDEvZGV0ZWN0RXZpbFVzZXJzL3IxT0pUajJNQ0lR 200
[debug] [2022-05-14T20:26:11.270Z] <<< [apiv2][body] GET https://cloudfunctions.googleapis.com/v1/operations/cmVhY3QtY2hhdC1hcHAtNTZhOWQvdXMtY2VudHJhbDEvZGV0ZWN0RXZpbFVzZXJzL3IxT0pUajJNQ0lR {"name":"operations/cmVhY3QtY2hhdC1hcHAtNTZhOWQvdXMtY2VudHJhbDEvZGV0ZWN0RXZpbFVzZXJzL3IxT0pUajJNQ0lR","metadata":{"@type":"type.googleapis.com/google.cloud.functions.v1.OperationMetadataV1","target":"projects/react-chat-app-56a9d/locations/us-central1/functions/detectEvilUsers","type":"UPDATE_FUNCTION","request":{"@type":"type.googleapis.com/google.cloud.functions.v1.CloudFunction","name":"projects/react-chat-app-56a9d/locations/us-central1/functions/detectEvilUsers","eventTrigger":{"eventType":"providers/cloud.firestore/eventTypes/document.create","resource":"projects/react-chat-app-56a9d/databases/(default)/documents/messages/{msgId}","service":"firestore.googleapis.com"},"status":"OFFLINE","entryPoint":"detectEvilUsers","timeout":"60s","availableMemoryMb":256,"serviceAccountEmail":"react-chat-app-56a9d@appspot.gserviceaccount.com","updateTime":"2022-05-14T20:10:58.625Z","versionId":"4","labels":{"deployment-tool":"cli-firebase"},"sourceUploadUrl":"https://storage.googleapis.com/uploads-810768291340.us-central1.cloudfunctions.appspot.com/66a4f743-ec52-4940-ad3a-6b964bde48c4.zip?GoogleAccessId=service-823821692820@gcf-admin-robot.iam.gserviceaccount.com&Expires=1652561744&Signature=UNp7setttRN%2BzBbBkAMoB3RSnLJQ2lK2HKyOiISt10v4x4wribMNMV1bycX4z2%2Fvae4Dxb2FIyjPmYxGdRUcOTvDl3O7jaKYIQPLKJoK155WtRTO8K2GR8%2BMw0DlIfZbHrrtcnGeTbkGvarpxZqK5F0yyA461BVjvlwoymLMexzvUR0z2V8DsP4EJo1dSn7KIX59yBnNs2G2VULe2HfFeHn2jtLJ3qO%2B9OhAYWMMWPNjKn%2FUwaXEaLqo%2FBhb1qq%2B%2BJ3zEiW88Q3RM7pmDy%2FNsfjS8K1DCaW0GxAOA38kwdRuHFU0E%2BtUIkWbEweu679xpgu30zDljK5DPwZWe2muXA%3D%3D","environmentVariables":{"FIREBASE_CONFIG":"{\"projectId\":\"react-chat-app-56a9d\",\"storageBucket\":\"react-chat-app-56a9d.appspot.com\",\"locationId\":\"us-central\"}","GCLOUD_PROJECT":"react-chat-app-56a9d"},"runtime":"nodejs16","ingressSettings":"ALLOW_ALL","buildId":"fba6dc06-f6a6-42d8-854a-2d8091f2687b","buildName":"projects/823821692820/locations/us-central1/builds/fba6dc06-f6a6-42d8-854a-2d8091f2687b","dockerRegistry":"CONTAINER_REGISTRY"},"versionId":"5","updateTime":"2022-05-14T20:25:46Z","buildId":"aa318104-6820-41e0-85d6-080643e47fed","buildName":"projects/823821692820/locations/us-central1/builds/aa318104-6820-41e0-85d6-080643e47fed"}}
[debug] [2022-05-14T20:26:21.271Z] [update-default-us-central1-detectEvilUsers] Retrying task index 0
[debug] [2022-05-14T20:26:21.272Z] >>> [apiv2][query] GET https://cloudfunctions.googleapis.com/v1/operations/cmVhY3QtY2hhdC1hcHAtNTZhOWQvdXMtY2VudHJhbDEvZGV0ZWN0RXZpbFVzZXJzL3IxT0pUajJNQ0lR [none]
[debug] [2022-05-14T20:26:21.825Z] <<< [apiv2][status] GET https://cloudfunctions.googleapis.com/v1/operations/cmVhY3QtY2hhdC1hcHAtNTZhOWQvdXMtY2VudHJhbDEvZGV0ZWN0RXZpbFVzZXJzL3IxT0pUajJNQ0lR 200
[debug] [2022-05-14T20:26:21.825Z] <<< [apiv2][body] GET https://cloudfunctions.googleapis.com/v1/operations/cmVhY3QtY2hhdC1hcHAtNTZhOWQvdXMtY2VudHJhbDEvZGV0ZWN0RXZpbFVzZXJzL3IxT0pUajJNQ0lR {"name":"operations/cmVhY3QtY2hhdC1hcHAtNTZhOWQvdXMtY2VudHJhbDEvZGV0ZWN0RXZpbFVzZXJzL3IxT0pUajJNQ0lR","metadata":{"@type":"type.googleapis.com/google.cloud.functions.v1.OperationMetadataV1","target":"projects/react-chat-app-56a9d/locations/us-central1/functions/detectEvilUsers","type":"UPDATE_FUNCTION","request":{"@type":"type.googleapis.com/google.cloud.functions.v1.CloudFunction","name":"projects/react-chat-app-56a9d/locations/us-central1/functions/detectEvilUsers","eventTrigger":{"eventType":"providers/cloud.firestore/eventTypes/document.create","resource":"projects/react-chat-app-56a9d/databases/(default)/documents/messages/{msgId}","service":"firestore.googleapis.com"},"status":"OFFLINE","entryPoint":"detectEvilUsers","timeout":"60s","availableMemoryMb":256,"serviceAccountEmail":"react-chat-app-56a9d@appspot.gserviceaccount.com","updateTime":"2022-05-14T20:10:58.625Z","versionId":"4","labels":{"deployment-tool":"cli-firebase"},"sourceUploadUrl":"https://storage.googleapis.com/uploads-810768291340.us-central1.cloudfunctions.appspot.com/66a4f743-ec52-4940-ad3a-6b964bde48c4.zip?GoogleAccessId=service-823821692820@gcf-admin-robot.iam.gserviceaccount.com&Expires=1652561744&Signature=UNp7setttRN%2BzBbBkAMoB3RSnLJQ2lK2HKyOiISt10v4x4wribMNMV1bycX4z2%2Fvae4Dxb2FIyjPmYxGdRUcOTvDl3O7jaKYIQPLKJoK155WtRTO8K2GR8%2BMw0DlIfZbHrrtcnGeTbkGvarpxZqK5F0yyA461BVjvlwoymLMexzvUR0z2V8DsP4EJo1dSn7KIX59yBnNs2G2VULe2HfFeHn2jtLJ3qO%2B9OhAYWMMWPNjKn%2FUwaXEaLqo%2FBhb1qq%2B%2BJ3zEiW88Q3RM7pmDy%2FNsfjS8K1DCaW0GxAOA38kwdRuHFU0E%2BtUIkWbEweu679xpgu30zDljK5DPwZWe2muXA%3D%3D","environmentVariables":{"FIREBASE_CONFIG":"{\"projectId\":\"react-chat-app-56a9d\",\"storageBucket\":\"react-chat-app-56a9d.appspot.com\",\"locationId\":\"us-central\"}","GCLOUD_PROJECT":"react-chat-app-56a9d"},"runtime":"nodejs16","ingressSettings":"ALLOW_ALL","buildId":"fba6dc06-f6a6-42d8-854a-2d8091f2687b","buildName":"projects/823821692820/locations/us-central1/builds/fba6dc06-f6a6-42d8-854a-2d8091f2687b","dockerRegistry":"CONTAINER_REGISTRY"},"versionId":"5","updateTime":"2022-05-14T20:25:46Z","buildId":"aa318104-6820-41e0-85d6-080643e47fed","buildName":"projects/823821692820/locations/us-central1/builds/aa318104-6820-41e0-85d6-080643e47fed"}}
[debug] [2022-05-14T20:26:31.827Z] [update-default-us-central1-detectEvilUsers] Retrying task index 0
[debug] [2022-05-14T20:26:31.828Z] >>> [apiv2][query] GET https://cloudfunctions.googleapis.com/v1/operations/cmVhY3QtY2hhdC1hcHAtNTZhOWQvdXMtY2VudHJhbDEvZGV0ZWN0RXZpbFVzZXJzL3IxT0pUajJNQ0lR [none]
[debug] [2022-05-14T20:26:32.376Z] <<< [apiv2][status] GET https://cloudfunctions.googleapis.com/v1/operations/cmVhY3QtY2hhdC1hcHAtNTZhOWQvdXMtY2VudHJhbDEvZGV0ZWN0RXZpbFVzZXJzL3IxT0pUajJNQ0lR 200
[debug] [2022-05-14T20:26:32.376Z] <<< [apiv2][body] GET https://cloudfunctions.googleapis.com/v1/operations/cmVhY3QtY2hhdC1hcHAtNTZhOWQvdXMtY2VudHJhbDEvZGV0ZWN0RXZpbFVzZXJzL3IxT0pUajJNQ0lR {"name":"operations/cmVhY3QtY2hhdC1hcHAtNTZhOWQvdXMtY2VudHJhbDEvZGV0ZWN0RXZpbFVzZXJzL3IxT0pUajJNQ0lR","metadata":{"@type":"type.googleapis.com/google.cloud.functions.v1.OperationMetadataV1","target":"projects/react-chat-app-56a9d/locations/us-central1/functions/detectEvilUsers","type":"UPDATE_FUNCTION","request":{"@type":"type.googleapis.com/google.cloud.functions.v1.CloudFunction","name":"projects/react-chat-app-56a9d/locations/us-central1/functions/detectEvilUsers","eventTrigger":{"eventType":"providers/cloud.firestore/eventTypes/document.create","resource":"projects/react-chat-app-56a9d/databases/(default)/documents/messages/{msgId}","service":"firestore.googleapis.com"},"status":"OFFLINE","entryPoint":"detectEvilUsers","timeout":"60s","availableMemoryMb":256,"serviceAccountEmail":"react-chat-app-56a9d@appspot.gserviceaccount.com","updateTime":"2022-05-14T20:10:58.625Z","versionId":"4","labels":{"deployment-tool":"cli-firebase"},"sourceUploadUrl":"https://storage.googleapis.com/uploads-810768291340.us-central1.cloudfunctions.appspot.com/66a4f743-ec52-4940-ad3a-6b964bde48c4.zip?GoogleAccessId=service-823821692820@gcf-admin-robot.iam.gserviceaccount.com&Expires=1652561744&Signature=UNp7setttRN%2BzBbBkAMoB3RSnLJQ2lK2HKyOiISt10v4x4wribMNMV1bycX4z2%2Fvae4Dxb2FIyjPmYxGdRUcOTvDl3O7jaKYIQPLKJoK155WtRTO8K2GR8%2BMw0DlIfZbHrrtcnGeTbkGvarpxZqK5F0yyA461BVjvlwoymLMexzvUR0z2V8DsP4EJo1dSn7KIX59yBnNs2G2VULe2HfFeHn2jtLJ3qO%2B9OhAYWMMWPNjKn%2FUwaXEaLqo%2FBhb1qq%2B%2BJ3zEiW88Q3RM7pmDy%2FNsfjS8K1DCaW0GxAOA38kwdRuHFU0E%2BtUIkWbEweu679xpgu30zDljK5DPwZWe2muXA%3D%3D","environmentVariables":{"FIREBASE_CONFIG":"{\"projectId\":\"react-chat-app-56a9d\",\"storageBucket\":\"react-chat-app-56a9d.appspot.com\",\"locationId\":\"us-central\"}","GCLOUD_PROJECT":"react-chat-app-56a9d"},"runtime":"nodejs16","ingressSettings":"ALLOW_ALL","buildId":"fba6dc06-f6a6-42d8-854a-2d8091f2687b","buildName":"projects/823821692820/locations/us-central1/builds/fba6dc06-f6a6-42d8-854a-2d8091f2687b","dockerRegistry":"CONTAINER_REGISTRY"},"versionId":"5","updateTime":"2022-05-14T20:25:46Z","buildId":"aa318104-6820-41e0-85d6-080643e47fed","buildName":"projects/823821692820/locations/us-central1/builds/aa318104-6820-41e0-85d6-080643e47fed"}}
[debug] [2022-05-14T20:26:42.389Z] [update-default-us-central1-detectEvilUsers] Retrying task index 0
[debug] [2022-05-14T20:26:42.389Z] >>> [apiv2][query] GET https://cloudfunctions.googleapis.com/v1/operations/cmVhY3QtY2hhdC1hcHAtNTZhOWQvdXMtY2VudHJhbDEvZGV0ZWN0RXZpbFVzZXJzL3IxT0pUajJNQ0lR [none]
[debug] [2022-05-14T20:26:42.992Z] <<< [apiv2][status] GET https://cloudfunctions.googleapis.com/v1/operations/cmVhY3QtY2hhdC1hcHAtNTZhOWQvdXMtY2VudHJhbDEvZGV0ZWN0RXZpbFVzZXJzL3IxT0pUajJNQ0lR 200
[debug] [2022-05-14T20:26:42.992Z] <<< [apiv2][body] GET https://cloudfunctions.googleapis.com/v1/operations/cmVhY3QtY2hhdC1hcHAtNTZhOWQvdXMtY2VudHJhbDEvZGV0ZWN0RXZpbFVzZXJzL3IxT0pUajJNQ0lR {"name":"operations/cmVhY3QtY2hhdC1hcHAtNTZhOWQvdXMtY2VudHJhbDEvZGV0ZWN0RXZpbFVzZXJzL3IxT0pUajJNQ0lR","metadata":{"@type":"type.googleapis.com/google.cloud.functions.v1.OperationMetadataV1","target":"projects/react-chat-app-56a9d/locations/us-central1/functions/detectEvilUsers","type":"UPDATE_FUNCTION","request":{"@type":"type.googleapis.com/google.cloud.functions.v1.CloudFunction","name":"projects/react-chat-app-56a9d/locations/us-central1/functions/detectEvilUsers","eventTrigger":{"eventType":"providers/cloud.firestore/eventTypes/document.create","resource":"projects/react-chat-app-56a9d/databases/(default)/documents/messages/{msgId}","service":"firestore.googleapis.com"},"status":"OFFLINE","entryPoint":"detectEvilUsers","timeout":"60s","availableMemoryMb":256,"serviceAccountEmail":"react-chat-app-56a9d@appspot.gserviceaccount.com","updateTime":"2022-05-14T20:10:58.625Z","versionId":"4","labels":{"deployment-tool":"cli-firebase"},"sourceUploadUrl":"https://storage.googleapis.com/uploads-810768291340.us-central1.cloudfunctions.appspot.com/66a4f743-ec52-4940-ad3a-6b964bde48c4.zip?GoogleAccessId=service-823821692820@gcf-admin-robot.iam.gserviceaccount.com&Expires=1652561744&Signature=UNp7setttRN%2BzBbBkAMoB3RSnLJQ2lK2HKyOiISt10v4x4wribMNMV1bycX4z2%2Fvae4Dxb2FIyjPmYxGdRUcOTvDl3O7jaKYIQPLKJoK155WtRTO8K2GR8%2BMw0DlIfZbHrrtcnGeTbkGvarpxZqK5F0yyA461BVjvlwoymLMexzvUR0z2V8DsP4EJo1dSn7KIX59yBnNs2G2VULe2HfFeHn2jtLJ3qO%2B9OhAYWMMWPNjKn%2FUwaXEaLqo%2FBhb1qq%2B%2BJ3zEiW88Q3RM7pmDy%2FNsfjS8K1DCaW0GxAOA38kwdRuHFU0E%2BtUIkWbEweu679xpgu30zDljK5DPwZWe2muXA%3D%3D","environmentVariables":{"FIREBASE_CONFIG":"{\"projectId\":\"react-chat-app-56a9d\",\"storageBucket\":\"react-chat-app-56a9d.appspot.com\",\"locationId\":\"us-central\"}","GCLOUD_PROJECT":"react-chat-app-56a9d"},"runtime":"nodejs16","ingressSettings":"ALLOW_ALL","buildId":"fba6dc06-f6a6-42d8-854a-2d8091f2687b","buildName":"projects/823821692820/locations/us-central1/builds/fba6dc06-f6a6-42d8-854a-2d8091f2687b","dockerRegistry":"CONTAINER_REGISTRY"},"versionId":"5","updateTime":"2022-05-14T20:26:45Z","buildId":"aa318104-6820-41e0-85d6-080643e47fed","sourceToken":"cd9d960f-bf40-4db1-9c25-43729e7cc18b","buildName":"projects/823821692820/locations/us-central1/builds/aa318104-6820-41e0-85d6-080643e47fed"},"done":true,"error":{"code":3,"message":"Function failed on loading user code. This is likely due to a bug in the user code. Error message: Error: please examine your function logs to see the error cause: https://cloud.google.com/functions/docs/monitoring/logging#viewing_logs. Additional troubleshooting documentation can be found at https://cloud.google.com/functions/docs/troubleshooting#logging. Please visit https://cloud.google.com/functions/docs/troubleshooting for in-depth troubleshooting documentation."}}
[debug] [2022-05-14T20:26:42.992Z] Got source token cd9d960f-bf40-4db1-9c25-43729e7cc18b for region us-central1
[error] Function failed on loading user code. This is likely due to a bug in the user code. Error message: Error: please examine your function logs to see the error cause: https://cloud.google.com/functions/docs/monitoring/logging#viewing_logs. Additional troubleshooting documentation can be found at https://cloud.google.com/functions/docs/troubleshooting#logging. Please visit https://cloud.google.com/functions/docs/troubleshooting for in-depth troubleshooting documentation.
[debug] [2022-05-14T20:26:42.995Z] Total Function Deployment time: 61855
[debug] [2022-05-14T20:26:42.996Z] 1 Functions Deployed
[debug] [2022-05-14T20:26:42.996Z] 1 Functions Errored
[debug] [2022-05-14T20:26:42.996Z] 0 Function Deployments Aborted
[debug] [2022-05-14T20:26:42.996Z] Average Function Deployment time: 61854
[info] 
[info] Functions deploy had errors with the following functions:
	detectEvilUsers(us-central1)
[info] i  functions: cleaning up build files... 
[debug] [2022-05-14T20:26:43.189Z] >>> [apiv2][query] GET https://us.gcr.io/v2/react-chat-app-56a9d/gcf/us-central1/tags/list [none]
[debug] [2022-05-14T20:26:44.136Z] <<< [apiv2][status] GET https://us.gcr.io/v2/react-chat-app-56a9d/gcf/us-central1/tags/list 200
[debug] [2022-05-14T20:26:44.136Z] <<< [apiv2][body] GET https://us.gcr.io/v2/react-chat-app-56a9d/gcf/us-central1/tags/list {"child":["da87dc6c-719d-4b85-8140-e1de01a4278e"],"manifest":{},"name":"react-chat-app-56a9d/gcf/us-central1","tags":[]}
[debug] [2022-05-14T20:26:44.136Z] >>> [apiv2][query] GET https://us.gcr.io/v2/react-chat-app-56a9d/gcf/us-central1/da87dc6c-719d-4b85-8140-e1de01a4278e/tags/list [none]
[debug] [2022-05-14T20:26:45.490Z] <<< [apiv2][status] GET https://us.gcr.io/v2/react-chat-app-56a9d/gcf/us-central1/da87dc6c-719d-4b85-8140-e1de01a4278e/tags/list 200
[debug] [2022-05-14T20:26:45.490Z] <<< [apiv2][body] GET https://us.gcr.io/v2/react-chat-app-56a9d/gcf/us-central1/da87dc6c-719d-4b85-8140-e1de01a4278e/tags/list {"child":["cache"],"manifest":{"sha256:51d7f0f6439415e8351ab66c5d0f2ecbb798c8128e80035a98973c977238b514":{"imageSizeBytes":"424170464","layerId":"","mediaType":"application/vnd.docker.distribution.manifest.v2+json","tag":["detectEvilUsers_version-5","latest"],"timeCreatedMs":"315532801000","timeUploadedMs":"1652559984348"}},"name":"react-chat-app-56a9d/gcf/us-central1/da87dc6c-719d-4b85-8140-e1de01a4278e","tags":["detectEvilUsers_version-5","latest"]}
[debug] [2022-05-14T20:26:45.491Z] >>> [apiv2][query] GET https://us.gcr.io/v2/react-chat-app-56a9d/gcf/us-central1/da87dc6c-719d-4b85-8140-e1de01a4278e/cache/tags/list [none]
[debug] [2022-05-14T20:26:45.493Z] >>> [apiv2][query] DELETE https://us.gcr.io/v2/react-chat-app-56a9d/gcf/us-central1/da87dc6c-719d-4b85-8140-e1de01a4278e/manifests/detectEvilUsers_version-5 [none]
[debug] [2022-05-14T20:26:45.493Z] >>> [apiv2][query] DELETE https://us.gcr.io/v2/react-chat-app-56a9d/gcf/us-central1/da87dc6c-719d-4b85-8140-e1de01a4278e/manifests/latest [none]
[debug] [2022-05-14T20:26:46.455Z] <<< [apiv2][status] GET https://us.gcr.io/v2/react-chat-app-56a9d/gcf/us-central1/da87dc6c-719d-4b85-8140-e1de01a4278e/cache/tags/list 200
[debug] [2022-05-14T20:26:46.455Z] <<< [apiv2][body] GET https://us.gcr.io/v2/react-chat-app-56a9d/gcf/us-central1/da87dc6c-719d-4b85-8140-e1de01a4278e/cache/tags/list {"child":[],"manifest":{"sha256:e58dd714098dd6e17336e7cf4c396d03e583ac6eb07d12cccae9b5eff2879a45":{"imageSizeBytes":"15060606","layerId":"","mediaType":"application/vnd.docker.distribution.manifest.v2+json","tag":["latest"],"timeCreatedMs":"315532801000","timeUploadedMs":"1652559984807"}},"name":"react-chat-app-56a9d/gcf/us-central1/da87dc6c-719d-4b85-8140-e1de01a4278e/cache","tags":["latest"]}
[debug] [2022-05-14T20:26:46.455Z] >>> [apiv2][query] DELETE https://us.gcr.io/v2/react-chat-app-56a9d/gcf/us-central1/da87dc6c-719d-4b85-8140-e1de01a4278e/cache/manifests/latest [none]
[debug] [2022-05-14T20:26:46.467Z] <<< [apiv2][status] DELETE https://us.gcr.io/v2/react-chat-app-56a9d/gcf/us-central1/da87dc6c-719d-4b85-8140-e1de01a4278e/manifests/detectEvilUsers_version-5 202
[debug] [2022-05-14T20:26:46.467Z] <<< [apiv2][body] DELETE https://us.gcr.io/v2/react-chat-app-56a9d/gcf/us-central1/da87dc6c-719d-4b85-8140-e1de01a4278e/manifests/detectEvilUsers_version-5 {"errors":[]}
[debug] [2022-05-14T20:26:47.040Z] <<< [apiv2][status] DELETE https://us.gcr.io/v2/react-chat-app-56a9d/gcf/us-central1/da87dc6c-719d-4b85-8140-e1de01a4278e/manifests/latest 202
[debug] [2022-05-14T20:26:47.040Z] <<< [apiv2][body] DELETE https://us.gcr.io/v2/react-chat-app-56a9d/gcf/us-central1/da87dc6c-719d-4b85-8140-e1de01a4278e/manifests/latest {"errors":[]}
[debug] [2022-05-14T20:26:47.040Z] >>> [apiv2][query] DELETE https://us.gcr.io/v2/react-chat-app-56a9d/gcf/us-central1/da87dc6c-719d-4b85-8140-e1de01a4278e/manifests/sha256:51d7f0f6439415e8351ab66c5d0f2ecbb798c8128e80035a98973c977238b514 [none]
[debug] [2022-05-14T20:26:47.363Z] <<< [apiv2][status] DELETE https://us.gcr.io/v2/react-chat-app-56a9d/gcf/us-central1/da87dc6c-719d-4b85-8140-e1de01a4278e/cache/manifests/latest 202
[debug] [2022-05-14T20:26:47.363Z] <<< [apiv2][body] DELETE https://us.gcr.io/v2/react-chat-app-56a9d/gcf/us-central1/da87dc6c-719d-4b85-8140-e1de01a4278e/cache/manifests/latest {"errors":[]}
[debug] [2022-05-14T20:26:47.364Z] >>> [apiv2][query] DELETE https://us.gcr.io/v2/react-chat-app-56a9d/gcf/us-central1/da87dc6c-719d-4b85-8140-e1de01a4278e/cache/manifests/sha256:e58dd714098dd6e17336e7cf4c396d03e583ac6eb07d12cccae9b5eff2879a45 [none]
[debug] [2022-05-14T20:26:50.097Z] <<< [apiv2][status] DELETE https://us.gcr.io/v2/react-chat-app-56a9d/gcf/us-central1/da87dc6c-719d-4b85-8140-e1de01a4278e/manifests/sha256:51d7f0f6439415e8351ab66c5d0f2ecbb798c8128e80035a98973c977238b514 202
[debug] [2022-05-14T20:26:50.098Z] <<< [apiv2][body] DELETE https://us.gcr.io/v2/react-chat-app-56a9d/gcf/us-central1/da87dc6c-719d-4b85-8140-e1de01a4278e/manifests/sha256:51d7f0f6439415e8351ab66c5d0f2ecbb798c8128e80035a98973c977238b514 {"errors":[]}
[debug] [2022-05-14T20:26:51.078Z] <<< [apiv2][status] DELETE https://us.gcr.io/v2/react-chat-app-56a9d/gcf/us-central1/da87dc6c-719d-4b85-8140-e1de01a4278e/cache/manifests/sha256:e58dd714098dd6e17336e7cf4c396d03e583ac6eb07d12cccae9b5eff2879a45 202
[debug] [2022-05-14T20:26:51.078Z] <<< [apiv2][body] DELETE https://us.gcr.io/v2/react-chat-app-56a9d/gcf/us-central1/da87dc6c-719d-4b85-8140-e1de01a4278e/cache/manifests/sha256:e58dd714098dd6e17336e7cf4c396d03e583ac6eb07d12cccae9b5eff2879a45 {"errors":[]}
[debug] [2022-05-14T20:26:51.288Z] Error: Failed to update function detectEvilUsers in region us-central1
    at C:\Users\ASHUTOSH GUPTA\AppData\Roaming\npm\node_modules\firebase-tools\lib\deploy\functions\release\fabricator.js:42:11
    at processTicksAndRejections (node:internal/process/task_queues:96:5)
    at async Fabricator.updateV1Function (C:\Users\ASHUTOSH GUPTA\AppData\Roaming\npm\node_modules\firebase-tools\lib\deploy\functions\release\fabricator.js:296:32)
    at async Fabricator.updateEndpoint (C:\Users\ASHUTOSH GUPTA\AppData\Roaming\npm\node_modules\firebase-tools\lib\deploy\functions\release\fabricator.js:137:13)
    at async handle (C:\Users\ASHUTOSH GUPTA\AppData\Roaming\npm\node_modules\firebase-tools\lib\deploy\functions\release\fabricator.js:78:17)
[error] 
[error] Error: There was an error deploying functions
